2020-08-10T19:55:09.563Z pid=16273 tid=8zd INFO: Booted Rails 6.0.3.2 application in development environment
2020-08-10T19:55:09.564Z pid=16273 tid=8zd INFO: Running in ruby 2.7.1p83 (2020-03-31 revision a0c7c23c9c) [x86_64-linux]
2020-08-10T19:55:09.564Z pid=16273 tid=8zd INFO: See LICENSE and the LGPL-3.0 for licensing details.
2020-08-10T19:55:09.564Z pid=16273 tid=8zd INFO: Upgrade to Sidekiq Pro for more features and support: https://sidekiq.org
2020-08-10T19:55:09.564Z pid=16273 tid=8zd INFO: Booting Sidekiq 6.1.1 with redis options {}
2020-08-10T20:07:57.881Z pid=16273 tid=z5 class=HardWorker jid=7b07119d84abbabe729802cf INFO: start
2020-08-10T20:07:58.149Z pid=16273 tid=z5 class=HardWorker jid=7b07119d84abbabe729802cf elapsed=0.268 INFO: done
2020-08-10T20:07:58.785Z pid=16273 tid=md class=HardWorker jid=3ae1de8abc63c35c71f7fcd3 INFO: start
2020-08-10T20:07:58.803Z pid=16273 tid=md class=HardWorker jid=3ae1de8abc63c35c71f7fcd3 elapsed=0.018 INFO: done
2020-08-10T20:07:59.551Z pid=16273 tid=z5 class=HardWorker jid=e7e47c0946aa35c7b2cd4597 INFO: start
2020-08-10T20:07:59.553Z pid=16273 tid=z5 class=HardWorker jid=e7e47c0946aa35c7b2cd4597 elapsed=0.002 INFO: done
2020-08-10T20:08:00.168Z pid=16273 tid=o1 class=HardWorker jid=260bdded3682bc9bba37c106 INFO: start
2020-08-10T20:08:00.169Z pid=16273 tid=o1 class=HardWorker jid=260bdded3682bc9bba37c106 elapsed=0.001 INFO: done
2020-08-10T20:08:00.567Z pid=16273 tid=id class=HardWorker jid=a6bc4cffe7e3f0a3d80887f6 INFO: start
2020-08-10T20:08:00.567Z pid=16273 tid=id class=HardWorker jid=a6bc4cffe7e3f0a3d80887f6 elapsed=0.0 INFO: done
2020-08-10T20:08:00.784Z pid=16273 tid=i1 class=HardWorker jid=bc266f23a37aa65b2059bb85 INFO: start
2020-08-10T20:08:00.784Z pid=16273 tid=i1 class=HardWorker jid=bc266f23a37aa65b2059bb85 elapsed=0.001 INFO: done
2020-08-10T20:08:01.119Z pid=16273 tid=jh class=HardWorker jid=57b8c8e8ba871e9b8a74cc86 INFO: start
2020-08-10T20:08:01.121Z pid=16273 tid=jh class=HardWorker jid=57b8c8e8ba871e9b8a74cc86 elapsed=0.002 INFO: done
2020-08-10T20:08:01.476Z pid=16273 tid=z5 class=HardWorker jid=458307e9a9e31e12affe76a3 INFO: start
2020-08-10T20:08:01.477Z pid=16273 tid=z5 class=HardWorker jid=458307e9a9e31e12affe76a3 elapsed=0.001 INFO: done
2020-08-10T20:08:01.695Z pid=16273 tid=o1 class=HardWorker jid=fd68c08bed13d9fc209cf83d INFO: start
2020-08-10T20:08:01.695Z pid=16273 tid=o1 class=HardWorker jid=fd68c08bed13d9fc209cf83d elapsed=0.001 INFO: done
2020-08-10T20:08:03.357Z pid=16273 tid=z5 class=HardWorker jid=100a3aeab807527655326dca INFO: start
2020-08-10T20:08:03.358Z pid=16273 tid=z5 class=HardWorker jid=100a3aeab807527655326dca elapsed=0.001 INFO: done
2020-08-10T20:08:03.715Z pid=16273 tid=o1 class=HardWorker jid=a426a0128c384d6958c4bacc INFO: start
2020-08-10T20:08:03.715Z pid=16273 tid=o1 class=HardWorker jid=a426a0128c384d6958c4bacc elapsed=0.001 INFO: done
2020-08-10T20:08:04.035Z pid=16273 tid=k1 class=HardWorker jid=d82fe6accc0aa2eff5c4955e INFO: start
2020-08-10T20:08:04.036Z pid=16273 tid=k1 class=HardWorker jid=d82fe6accc0aa2eff5c4955e elapsed=0.001 INFO: done
2020-08-10T20:12:40.014Z pid=16273 tid=o1 class=HardWorker jid=068186227593714bc1c2c9c6 INFO: start
doing something
2020-08-10T20:12:40.085Z pid=16273 tid=o1 class=HardWorker jid=068186227593714bc1c2c9c6 elapsed=0.071 INFO: done
2020-08-10T20:13:45.279Z pid=16273 tid=o1 class=HardWorker jid=614c1ae733289bd703a0a5df INFO: start
doing something
bob
5
2020-08-10T20:13:45.374Z pid=16273 tid=o1 class=HardWorker jid=614c1ae733289bd703a0a5df elapsed=0.095 INFO: done
2020-08-10T20:18:02.488Z pid=16273 tid=o1 class=HardWorker jid=b8b2ec3eaff2a506700b051c INFO: start
doing something
eaergaerga
5
2020-08-10T20:18:02.568Z pid=16273 tid=o1 class=HardWorker jid=b8b2ec3eaff2a506700b051c elapsed=0.08 INFO: done
